#
# There is insufficient memory for the Java Runtime Environment to continue.
# Native memory allocation (malloc) failed to allocate 32744 bytes for ChunkPool::allocate
# Possible reasons:
#   The system is out of physical RAM or swap space
#   The process is running with CompressedOops enabled, and the Java Heap may be blocking the growth of the native heap
# Possible solutions:
#   Reduce memory load on the system
#   Increase physical memory or swap space
#   Check if swap backing store is full
#   Decrease Java heap size (-Xmx/-Xms)
#   Decrease number of Java threads
#   Decrease Java thread stack sizes (-Xss)
#   Set larger code cache with -XX:ReservedCodeCacheSize=
#   JVM is running with Unscaled Compressed Oops mode in which the Java heap is
#     placed in the first 4GB address space. The Java Heap base address is the
#     maximum limit for the native heap growth. Please use -XX:HeapBaseMinAddress
#     to set the Java Heap base and to place the Java Heap above 4GB virtual address.
# This output file may be truncated or incomplete.
#
#  Out of Memory Error (arena.cpp:79), pid=11132, tid=1192
#
# JRE version: OpenJDK Runtime Environment Temurin-17.0.9+9 (17.0.9+9) (build 17.0.9+9)
# Java VM: OpenJDK 64-Bit Server VM Temurin-17.0.9+9 (17.0.9+9, mixed mode, tiered, compressed oops, compressed class ptrs, parallel gc, windows-amd64)
# No core dump will be written. Minidumps are not enabled by default on client versions of Windows
#

---------------  S U M M A R Y ------------

Command Line: --add-modules=ALL-SYSTEM --add-opens=java.base/java.util=ALL-UNNAMED --add-opens=java.base/java.lang=ALL-UNNAMED --add-opens=java.base/sun.nio.fs=ALL-UNNAMED -Declipse.application=org.eclipse.jdt.ls.core.id1 -Dosgi.bundles.defaultStartLevel=4 -Declipse.product=org.eclipse.jdt.ls.core.product -Djava.import.generatesMetadataFilesAtProjectRoot=false -DDetectVMInstallationsJob.disabled=true -Dfile.encoding=utf8 -XX:+UseParallelGC -XX:GCTimeRatio=4 -XX:AdaptiveSizePolicyWeight=90 -Dsun.zip.disableMemoryMapping=true -Xmx1G -Xms100m -Xlog:disable -javaagent:c:\Users\Alex\.vscode\extensions\redhat.java-1.25.1-win32-x64\lombok\lombok-1.18.30.jar -XX:+HeapDumpOnOutOfMemoryError -XX:HeapDumpPath=c:\Users\Alex\AppData\Roaming\Code\User\workspaceStorage\4d46fa13a753869b4f9a69bb72c965b4\redhat.java -Daether.dependencyCollector.impl=bf c:\Users\Alex\.vscode\extensions\redhat.java-1.25.1-win32-x64\server\plugins\org.eclipse.equinox.launcher_1.6.600.v20231106-1826.jar -configuration c:\Users\Alex\AppData\Roaming\Code\User\globalStorage\redhat.java\1.25.1\config_win -data c:\Users\Alex\AppData\Roaming\Code\User\workspaceStorage\4d46fa13a753869b4f9a69bb72c965b4\redhat.java\jdt_ws --stdio

Host: Intel(R) Core(TM) i7-7500U CPU @ 2.70GHz, 4 cores, 7G,  Windows 10 , 64 bit Build 17763 (10.0.17763.4974)
Time: Wed Dec 20 13:01:33 2023 RTZ 2 (зима) elapsed time: 13.695437 seconds (0d 0h 0m 13s)

---------------  T H R E A D  ---------------

Current thread (0x0000023537168fd0):  JavaThread "C1 CompilerThread0" daemon [_thread_in_native, id=1192, stack(0x000000d52df00000,0x000000d52e000000)]


Current CompileTask:
C1:  13695 6196       2       java.util.concurrent.ConcurrentLinkedQueue::offer (120 bytes)

Stack: [0x000000d52df00000,0x000000d52e000000]
Native frames: (J=compiled Java code, j=interpreted, Vv=VM code, C=native code)
V  [jvm.dll+0x67cf49]
V  [jvm.dll+0x83478a]
V  [jvm.dll+0x83624e]
V  [jvm.dll+0x8368b3]
V  [jvm.dll+0x247f1f]
V  [jvm.dll+0xac65c]
V  [jvm.dll+0xaca8c]
V  [jvm.dll+0x13954b]
V  [jvm.dll+0x14869d]
V  [jvm.dll+0x1480e5]
V  [jvm.dll+0x13f91e]
V  [jvm.dll+0x141ed5]
V  [jvm.dll+0x1401b4]
V  [jvm.dll+0x148bbd]
V  [jvm.dll+0x1480e5]
V  [jvm.dll+0x13f91e]
V  [jvm.dll+0x141ed5]
V  [jvm.dll+0x1401b4]
V  [jvm.dll+0x13a12f]
V  [jvm.dll+0x149d46]
V  [jvm.dll+0x135830]
V  [jvm.dll+0x135b90]
V  [jvm.dll+0x135e56]
V  [jvm.dll+0x1352ea]
V  [jvm.dll+0x136fa1]
V  [jvm.dll+0x2297ae]
V  [jvm.dll+0x22797c]
V  [jvm.dll+0x7e9877]
V  [jvm.dll+0x7e3c3a]
V  [jvm.dll+0x67be35]
C  [ucrtbase.dll+0x2268a]
C  [KERNEL32.DLL+0x17ac4]
C  [ntdll.dll+0x5a4e1]


---------------  P R O C E S S  ---------------

Threads class SMR info:
_java_thread_list=0x0000023538b66e40, length=29, elements={
0x000002351c178140, 0x000002351c22cf40, 0x000002351c22ead0, 0x0000023531f4c1a0,
0x0000023531f4cc70, 0x0000023531f4d640, 0x0000023531f4df10, 0x0000023531f7b020,
0x0000023537168fd0, 0x000002353716e0d0, 0x000002351c1d8f30, 0x0000023537335aa0,
0x0000023537b77e40, 0x0000023537ced1b0, 0x0000023537b86070, 0x00000235381c0f10,
0x00000235382db100, 0x00000235382dca50, 0x00000235382db610, 0x00000235382dd470,
0x00000235382dc030, 0x00000235382dc540, 0x00000235382de8b0, 0x00000235382dde90,
0x00000235382de3a0, 0x00000235387dc2c0, 0x00000235387db390, 0x0000023539456060,
0x00000235387dd700
}

Java Threads: ( => current thread )
  0x000002351c178140 JavaThread "main" [_thread_blocked, id=8348, stack(0x000000d52d500000,0x000000d52d600000)]
  0x000002351c22cf40 JavaThread "Reference Handler" daemon [_thread_blocked, id=6392, stack(0x000000d52d800000,0x000000d52d900000)]
  0x000002351c22ead0 JavaThread "Finalizer" daemon [_thread_blocked, id=3000, stack(0x000000d52d900000,0x000000d52da00000)]
  0x0000023531f4c1a0 JavaThread "Signal Dispatcher" daemon [_thread_blocked, id=4260, stack(0x000000d52da00000,0x000000d52db00000)]
  0x0000023531f4cc70 JavaThread "Attach Listener" daemon [_thread_blocked, id=7348, stack(0x000000d52db00000,0x000000d52dc00000)]
  0x0000023531f4d640 JavaThread "Service Thread" daemon [_thread_blocked, id=8976, stack(0x000000d52dc00000,0x000000d52dd00000)]
  0x0000023531f4df10 JavaThread "Monitor Deflation Thread" daemon [_thread_blocked, id=10832, stack(0x000000d52dd00000,0x000000d52de00000)]
  0x0000023531f7b020 JavaThread "C2 CompilerThread0" daemon [_thread_in_native, id=10880, stack(0x000000d52de00000,0x000000d52df00000)]
=>0x0000023537168fd0 JavaThread "C1 CompilerThread0" daemon [_thread_in_native, id=1192, stack(0x000000d52df00000,0x000000d52e000000)]
  0x000002353716e0d0 JavaThread "Sweeper thread" daemon [_thread_blocked, id=9344, stack(0x000000d52e000000,0x000000d52e100000)]
  0x000002351c1d8f30 JavaThread "Common-Cleaner" daemon [_thread_blocked, id=1696, stack(0x000000d52e100000,0x000000d52e200000)]
  0x0000023537335aa0 JavaThread "Notification Thread" daemon [_thread_blocked, id=8060, stack(0x000000d52e200000,0x000000d52e300000)]
  0x0000023537b77e40 JavaThread "Active Thread: Equinox Container: 486ff430-e89c-4433-8fd0-3d0164ee9f09" [_thread_blocked, id=10284, stack(0x000000d52e800000,0x000000d52e900000)]
  0x0000023537ced1b0 JavaThread "Framework Event Dispatcher: Equinox Container: 486ff430-e89c-4433-8fd0-3d0164ee9f09" daemon [_thread_blocked, id=6832, stack(0x000000d52e900000,0x000000d52ea00000)]
  0x0000023537b86070 JavaThread "Start Level: Equinox Container: 486ff430-e89c-4433-8fd0-3d0164ee9f09" daemon [_thread_blocked, id=2840, stack(0x000000d52ea00000,0x000000d52eb00000)]
  0x00000235381c0f10 JavaThread "Bundle File Closer" daemon [_thread_blocked, id=5704, stack(0x000000d52eb00000,0x000000d52ec00000)]
  0x00000235382db100 JavaThread "SCR Component Actor" daemon [_thread_blocked, id=5272, stack(0x000000d52ec00000,0x000000d52ed00000)]
  0x00000235382dca50 JavaThread "Worker-JM" [_thread_blocked, id=6620, stack(0x000000d52e700000,0x000000d52e800000)]
  0x00000235382db610 JavaThread "Worker-0: Initialize workspace" [_thread_blocked, id=10248, stack(0x000000d52ee00000,0x000000d52ef00000)]
  0x00000235382dd470 JavaThread "Worker-1" [_thread_blocked, id=11180, stack(0x000000d52ef00000,0x000000d52f000000)]
  0x00000235382dc030 JavaThread "Java indexing" daemon [_thread_blocked, id=5524, stack(0x000000d52f000000,0x000000d52f100000)]
  0x00000235382dc540 JavaThread "Worker-2" [_thread_blocked, id=10428, stack(0x000000d52f100000,0x000000d52f200000)]
  0x00000235382de8b0 JavaThread "Worker-3" [_thread_blocked, id=3216, stack(0x000000d52f200000,0x000000d52f300000)]
  0x00000235382dde90 JavaThread "JNA Cleaner" daemon [_thread_blocked, id=4660, stack(0x000000d52f400000,0x000000d52f500000)]
  0x00000235382de3a0 JavaThread "pool-2-thread-1" [_thread_blocked, id=8456, stack(0x000000d52f500000,0x000000d52f600000)]
  0x00000235387dc2c0 JavaThread "WorkspaceEventsHandler" [_thread_blocked, id=8148, stack(0x000000d52f600000,0x000000d52f700000)]
  0x00000235387db390 JavaThread "pool-1-thread-1" [_thread_in_vm, id=8700, stack(0x000000d52f700000,0x000000d52f800000)]
  0x0000023539456060 JavaThread "C2 CompilerThread1" daemon [_thread_in_native, id=5252, stack(0x000000d52f300000,0x000000d52f400000)]
  0x00000235387dd700 JavaThread "Worker-4" [_thread_blocked, id=2020, stack(0x000000d52ed00000,0x000000d52ee00000)]

Other Threads:
  0x0000023531f26920 VMThread "VM Thread" [stack: 0x000000d52d700000,0x000000d52d800000] [id=2388]
  0x00000235373c67d0 WatcherThread [stack: 0x000000d52e300000,0x000000d52e400000] [id=11188]
  0x000002351c18ce80 GCTaskThread "GC Thread#0" [stack: 0x000000d52d600000,0x000000d52d700000] [id=1884]
  0x0000023537c56830 GCTaskThread "GC Thread#1" [stack: 0x000000d52e400000,0x000000d52e500000] [id=9472]
  0x0000023537a9a630 GCTaskThread "GC Thread#2" [stack: 0x000000d52e500000,0x000000d52e600000] [id=2628]
  0x00000235373c8560 GCTaskThread "GC Thread#3" [stack: 0x000000d52e600000,0x000000d52e700000] [id=116]

Threads with active compile tasks:
C2 CompilerThread0    13747 5926       4       org.lombokweb.asm.MethodVisitor::visitVarInsn (17 bytes)
C1 CompilerThread0    13747 6196       2       java.util.concurrent.ConcurrentLinkedQueue::offer (120 bytes)
C2 CompilerThread1    13747 5942       4       org.lombokweb.asm.ClassReader::readMethod (1066 bytes)

VM state: not at safepoint (normal execution)

VM Mutex/Monitor currently owned by a thread: None

Heap address: 0x00000000c0000000, size: 1024 MB, Compressed Oops mode: 32-bit

CDS archive(s) not mapped
Compressed class space mapped at: 0x0000000100000000-0x0000000140000000, reserved size: 1073741824
Narrow klass base: 0x0000000000000000, Narrow klass shift: 3, Narrow klass range: 0x140000000

GC Precious Log:
 CPUs: 4 total, 4 available
 Memory: 8090M
 Large Page Support: Disabled
 NUMA Support: Disabled
 Compressed Oops: Enabled (32-bit)
 Alignments: Space 512K, Generation 512K, Heap 2M
 Heap Min Capacity: 100M
 Heap Initial Capacity: 100M
 Heap Max Capacity: 1G
 Pre-touch: Disabled
 Parallel Workers: 4

Heap:
 PSYoungGen      total 22016K, used 3049K [0x00000000eab00000, 0x00000000ec300000, 0x0000000100000000)
  eden space 20480K, 14% used [0x00000000eab00000,0x00000000eadfa6e8,0x00000000ebf00000)
  from space 1536K, 0% used [0x00000000ec080000,0x00000000ec080000,0x00000000ec200000)
  to   space 1024K, 0% used [0x00000000ec200000,0x00000000ec200000,0x00000000ec300000)
 ParOldGen       total 68608K, used 24825K [0x00000000c0000000, 0x00000000c4300000, 0x00000000eab00000)
  object space 68608K, 36% used [0x00000000c0000000,0x00000000c183e558,0x00000000c4300000)
 Metaspace       used 59264K, committed 60288K, reserved 1114112K
  class space    used 6336K, committed 6784K, reserved 1048576K

Card table byte_map: [0x000002352f820000,0x000002352fa30000] _byte_map_base: 0x000002352f220000

Marking Bits: (ParMarkBitMap*) 0x00007ff95ffed0b0
 Begin Bits: [0x000002352fb90000, 0x0000023530b90000)
 End Bits:   [0x0000023530b90000, 0x0000023531b90000)

Polling page: 0x000002351bf20000

Metaspace:

Usage:
  Non-class:     51.69 MB used.
      Class:      6.19 MB used.
       Both:     57.88 MB used.

Virtual space:
  Non-class space:       64.00 MB reserved,      52.25 MB ( 82%) committed,  1 nodes.
      Class space:        1.00 GB reserved,       6.63 MB ( <1%) committed,  1 nodes.
             Both:        1.06 GB reserved,      58.88 MB (  5%) committed. 

Chunk freelists:
   Non-Class:  10.89 MB
       Class:  9.33 MB
        Both:  20.22 MB

MaxMetaspaceSize: unlimited
CompressedClassSpaceSize: 1.00 GB
Initial GC threshold: 21.00 MB
Current GC threshold: 97.31 MB
CDS: off
MetaspaceReclaimPolicy: balanced
 - commit_granule_bytes: 65536.
 - commit_granule_words: 8192.
 - virtual_space_node_default_size: 8388608.
 - enlarge_chunks_in_place: 1.
 - new_chunks_are_fully_committed: 0.
 - uncommit_free_chunks: 1.
 - use_allocation_guard: 0.
 - handle_deallocations: 1.


Internal statistics:

num_allocs_failed_limit: 9.
num_arena_births: 480.
num_arena_deaths: 14.
num_vsnodes_births: 2.
num_vsnodes_deaths: 0.
num_space_committed: 942.
num_space_uncommitted: 0.
num_chunks_returned_to_freelist: 23.
num_chunks_taken_from_freelist: 2704.
num_chunk_merges: 10.
num_chunk_splits: 1753.
num_chunks_enlarged: 1117.
num_inconsistent_stats: 0.

CodeHeap 'non-profiled nmethods': size=120000Kb used=2965Kb max_used=2965Kb free=117034Kb
 bounds [0x0000023528110000, 0x0000023528400000, 0x000002352f640000]
CodeHeap 'profiled nmethods': size=120000Kb used=12239Kb max_used=12239Kb free=107760Kb
 bounds [0x0000023520640000, 0x0000023521240000, 0x0000023527b70000]
CodeHeap 'non-nmethods': size=5760Kb used=1315Kb max_used=1374Kb free=4444Kb
 bounds [0x0000023527b70000, 0x0000023527de0000, 0x0000023528110000]
 total_blobs=6067 nmethods=5413 adapters=566
 compilation: enabled
              stopped_count=0, restarted_count=0
 full_count=0

Compilation events (20 events):
Event: 13.572 Thread 0x0000023537168fd0 nmethod 6186 0x0000023521231c90 code [0x0000023521231f20, 0x00000235212323d8]
Event: 13.601 Thread 0x0000023537168fd0 6187       2       org.eclipse.core.runtime.Path::makeAbsolute (75 bytes)
Event: 13.601 Thread 0x0000023537168fd0 nmethod 6187 0x0000023521232790 code [0x0000023521232960, 0x0000023521232c58]
Event: 13.660 Thread 0x0000023537168fd0 6188       2       sun.security.provider.SHA2::implReset (20 bytes)
Event: 13.660 Thread 0x0000023537168fd0 nmethod 6188 0x0000023521232e10 code [0x0000023521232fc0, 0x0000023521233118]
Event: 13.660 Thread 0x0000023537168fd0 6189       2       java.lang.invoke.VarHandleReferences$FieldInstanceReadWrite::set (35 bytes)
Event: 13.661 Thread 0x0000023537168fd0 nmethod 6189 0x0000023521233210 code [0x0000023521233400, 0x0000023521233848]
Event: 13.665 Thread 0x0000023537168fd0 6190       2       java.lang.invoke.MethodType::isConvertibleTo (164 bytes)
Event: 13.666 Thread 0x0000023537168fd0 nmethod 6190 0x0000023521233b10 code [0x0000023521233d00, 0x00000235212341a8]
Event: 13.666 Thread 0x0000023537168fd0 6192       2       java.lang.invoke.MethodHandleImpl::computeValueConversions (121 bytes)
Event: 13.666 Thread 0x0000023537168fd0 nmethod 6192 0x0000023521234410 code [0x00000235212345e0, 0x00000235212349f8]
Event: 13.667 Thread 0x0000023537168fd0 6193       2       java.lang.invoke.MethodHandleImpl::countNonNull (42 bytes)
Event: 13.667 Thread 0x0000023537168fd0 nmethod 6193 0x0000023521234d90 code [0x0000023521234f20, 0x00000235212350b8]
Event: 13.667 Thread 0x0000023537168fd0 6191       2       java.lang.invoke.MethodHandleImpl::makePairwiseConvert (22 bytes)
Event: 13.668 Thread 0x0000023537168fd0 nmethod 6191 0x0000023521235190 code [0x0000023521235340, 0x0000023521235488]
Event: 13.677 Thread 0x0000023537168fd0 6194       2       java.io.StringWriter::append (6 bytes)
Event: 13.679 Thread 0x0000023537168fd0 nmethod 6194 0x0000023521235590 code [0x0000023521235740, 0x00000235212359b8]
Event: 13.679 Thread 0x0000023537168fd0 6195       2       java.io.StringWriter::append (10 bytes)
Event: 13.680 Thread 0x0000023537168fd0 nmethod 6195 0x0000023521235b10 code [0x0000023521235cc0, 0x0000023521235f38]
Event: 13.691 Thread 0x0000023537168fd0 6196       2       java.util.concurrent.ConcurrentLinkedQueue::offer (120 bytes)

GC Heap History (20 events):
Event: 10.943 GC heap before
{Heap before GC invocations=17 (full 2):
 PSYoungGen      total 23040K, used 23040K [0x00000000eab00000, 0x00000000ec680000, 0x0000000100000000)
  eden space 22016K, 100% used [0x00000000eab00000,0x00000000ec080000,0x00000000ec080000)
  from space 1024K, 100% used [0x00000000ec580000,0x00000000ec680000,0x00000000ec680000)
  to   space 1536K, 0% used [0x00000000ec380000,0x00000000ec380000,0x00000000ec500000)
 ParOldGen       total 68608K, used 15866K [0x00000000c0000000, 0x00000000c4300000, 0x00000000eab00000)
  object space 68608K, 23% used [0x00000000c0000000,0x00000000c0f7ebc8,0x00000000c4300000)
 Metaspace       used 48603K, committed 49472K, reserved 1114112K
  class space    used 5204K, committed 5632K, reserved 1048576K
}
Event: 10.948 GC heap after
{Heap after GC invocations=17 (full 2):
 PSYoungGen      total 23552K, used 1285K [0x00000000eab00000, 0x00000000ec600000, 0x0000000100000000)
  eden space 22016K, 0% used [0x00000000eab00000,0x00000000eab00000,0x00000000ec080000)
  from space 1536K, 83% used [0x00000000ec380000,0x00000000ec4c15a0,0x00000000ec500000)
  to   space 1024K, 0% used [0x00000000ec500000,0x00000000ec500000,0x00000000ec600000)
 ParOldGen       total 68608K, used 16846K [0x00000000c0000000, 0x00000000c4300000, 0x00000000eab00000)
  object space 68608K, 24% used [0x00000000c0000000,0x00000000c10738d8,0x00000000c4300000)
 Metaspace       used 48603K, committed 49472K, reserved 1114112K
  class space    used 5204K, committed 5632K, reserved 1048576K
}
Event: 11.372 GC heap before
{Heap before GC invocations=18 (full 2):
 PSYoungGen      total 23552K, used 23301K [0x00000000eab00000, 0x00000000ec600000, 0x0000000100000000)
  eden space 22016K, 100% used [0x00000000eab00000,0x00000000ec080000,0x00000000ec080000)
  from space 1536K, 83% used [0x00000000ec380000,0x00000000ec4c15a0,0x00000000ec500000)
  to   space 1024K, 0% used [0x00000000ec500000,0x00000000ec500000,0x00000000ec600000)
 ParOldGen       total 68608K, used 16846K [0x00000000c0000000, 0x00000000c4300000, 0x00000000eab00000)
  object space 68608K, 24% used [0x00000000c0000000,0x00000000c10738d8,0x00000000c4300000)
 Metaspace       used 50507K, committed 51520K, reserved 1114112K
  class space    used 5446K, committed 5952K, reserved 1048576K
}
Event: 11.377 GC heap after
{Heap after GC invocations=18 (full 2):
 PSYoungGen      total 21504K, used 1016K [0x00000000eab00000, 0x00000000ecc80000, 0x0000000100000000)
  eden space 20480K, 0% used [0x00000000eab00000,0x00000000eab00000,0x00000000ebf00000)
  from space 1024K, 99% used [0x00000000ec500000,0x00000000ec5fe068,0x00000000ec600000)
  to   space 6144K, 0% used [0x00000000ebf00000,0x00000000ebf00000,0x00000000ec500000)
 ParOldGen       total 68608K, used 21042K [0x00000000c0000000, 0x00000000c4300000, 0x00000000eab00000)
  object space 68608K, 30% used [0x00000000c0000000,0x00000000c148cab0,0x00000000c4300000)
 Metaspace       used 50507K, committed 51520K, reserved 1114112K
  class space    used 5446K, committed 5952K, reserved 1048576K
}
Event: 11.543 GC heap before
{Heap before GC invocations=19 (full 2):
 PSYoungGen      total 21504K, used 21496K [0x00000000eab00000, 0x00000000ecc80000, 0x0000000100000000)
  eden space 20480K, 100% used [0x00000000eab00000,0x00000000ebf00000,0x00000000ebf00000)
  from space 1024K, 99% used [0x00000000ec500000,0x00000000ec5fe068,0x00000000ec600000)
  to   space 6144K, 0% used [0x00000000ebf00000,0x00000000ebf00000,0x00000000ec500000)
 ParOldGen       total 68608K, used 21042K [0x00000000c0000000, 0x00000000c4300000, 0x00000000eab00000)
  object space 68608K, 30% used [0x00000000c0000000,0x00000000c148cab0,0x00000000c4300000)
 Metaspace       used 50830K, committed 51840K, reserved 1114112K
  class space    used 5476K, committed 5952K, reserved 1048576K
}
Event: 11.549 GC heap after
{Heap after GC invocations=19 (full 2):
 PSYoungGen      total 24064K, used 3520K [0x00000000eab00000, 0x00000000ec800000, 0x0000000100000000)
  eden space 20480K, 0% used [0x00000000eab00000,0x00000000eab00000,0x00000000ebf00000)
  from space 3584K, 98% used [0x00000000ebf00000,0x00000000ec270000,0x00000000ec280000)
  to   space 4608K, 0% used [0x00000000ec380000,0x00000000ec380000,0x00000000ec800000)
 ParOldGen       total 68608K, used 21792K [0x00000000c0000000, 0x00000000c4300000, 0x00000000eab00000)
  object space 68608K, 31% used [0x00000000c0000000,0x00000000c1548240,0x00000000c4300000)
 Metaspace       used 50830K, committed 51840K, reserved 1114112K
  class space    used 5476K, committed 5952K, reserved 1048576K
}
Event: 11.901 GC heap before
{Heap before GC invocations=20 (full 2):
 PSYoungGen      total 24064K, used 24000K [0x00000000eab00000, 0x00000000ec800000, 0x0000000100000000)
  eden space 20480K, 100% used [0x00000000eab00000,0x00000000ebf00000,0x00000000ebf00000)
  from space 3584K, 98% used [0x00000000ebf00000,0x00000000ec270000,0x00000000ec280000)
  to   space 4608K, 0% used [0x00000000ec380000,0x00000000ec380000,0x00000000ec800000)
 ParOldGen       total 68608K, used 21792K [0x00000000c0000000, 0x00000000c4300000, 0x00000000eab00000)
  object space 68608K, 31% used [0x00000000c0000000,0x00000000c1548240,0x00000000c4300000)
 Metaspace       used 53281K, committed 54336K, reserved 1114112K
  class space    used 5723K, committed 6208K, reserved 1048576K
}
Event: 11.905 GC heap after
{Heap after GC invocations=20 (full 2):
 PSYoungGen      total 21504K, used 935K [0x00000000eab00000, 0x00000000ec480000, 0x0000000100000000)
  eden space 20480K, 0% used [0x00000000eab00000,0x00000000eab00000,0x00000000ebf00000)
  from space 1024K, 91% used [0x00000000ec380000,0x00000000ec469d38,0x00000000ec480000)
  to   space 2048K, 0% used [0x00000000ec080000,0x00000000ec080000,0x00000000ec280000)
 ParOldGen       total 68608K, used 25275K [0x00000000c0000000, 0x00000000c4300000, 0x00000000eab00000)
  object space 68608K, 36% used [0x00000000c0000000,0x00000000c18aef30,0x00000000c4300000)
 Metaspace       used 53281K, committed 54336K, reserved 1114112K
  class space    used 5723K, committed 6208K, reserved 1048576K
}
Event: 12.172 GC heap before
{Heap before GC invocations=21 (full 2):
 PSYoungGen      total 21504K, used 21415K [0x00000000eab00000, 0x00000000ec480000, 0x0000000100000000)
  eden space 20480K, 100% used [0x00000000eab00000,0x00000000ebf00000,0x00000000ebf00000)
  from space 1024K, 91% used [0x00000000ec380000,0x00000000ec469d38,0x00000000ec480000)
  to   space 2048K, 0% used [0x00000000ec080000,0x00000000ec080000,0x00000000ec280000)
 ParOldGen       total 68608K, used 25275K [0x00000000c0000000, 0x00000000c4300000, 0x00000000eab00000)
  object space 68608K, 36% used [0x00000000c0000000,0x00000000c18aef30,0x00000000c4300000)
 Metaspace       used 54063K, committed 55040K, reserved 1114112K
  class space    used 5829K, committed 6272K, reserved 1048576K
}
Event: 12.173 GC heap after
{Heap after GC invocations=21 (full 2):
 PSYoungGen      total 22528K, used 352K [0x00000000eab00000, 0x00000000ec400000, 0x0000000100000000)
  eden space 20480K, 0% used [0x00000000eab00000,0x00000000eab00000,0x00000000ebf00000)
  from space 2048K, 17% used [0x00000000ec080000,0x00000000ec0d8010,0x00000000ec280000)
  to   space 1024K, 0% used [0x00000000ec300000,0x00000000ec300000,0x00000000ec400000)
 ParOldGen       total 68608K, used 26082K [0x00000000c0000000, 0x00000000c4300000, 0x00000000eab00000)
  object space 68608K, 38% used [0x00000000c0000000,0x00000000c1978918,0x00000000c4300000)
 Metaspace       used 54063K, committed 55040K, reserved 1114112K
  class space    used 5829K, committed 6272K, reserved 1048576K
}
Event: 12.342 GC heap before
{Heap before GC invocations=22 (full 2):
 PSYoungGen      total 22528K, used 20832K [0x00000000eab00000, 0x00000000ec400000, 0x0000000100000000)
  eden space 20480K, 100% used [0x00000000eab00000,0x00000000ebf00000,0x00000000ebf00000)
  from space 2048K, 17% used [0x00000000ec080000,0x00000000ec0d8010,0x00000000ec280000)
  to   space 1024K, 0% used [0x00000000ec300000,0x00000000ec300000,0x00000000ec400000)
 ParOldGen       total 68608K, used 26082K [0x00000000c0000000, 0x00000000c4300000, 0x00000000eab00000)
  object space 68608K, 38% used [0x00000000c0000000,0x00000000c1978918,0x00000000c4300000)
 Metaspace       used 54831K, committed 55872K, reserved 1114112K
  class space    used 5887K, committed 6336K, reserved 1048576K
}
Event: 12.345 GC heap after
{Heap after GC invocations=22 (full 2):
 PSYoungGen      total 21504K, used 1011K [0x00000000eab00000, 0x00000000ec400000, 0x0000000100000000)
  eden space 20480K, 0% used [0x00000000eab00000,0x00000000eab00000,0x00000000ebf00000)
  from space 1024K, 98% used [0x00000000ec300000,0x00000000ec3fccd0,0x00000000ec400000)
  to   space 2048K, 0% used [0x00000000ec000000,0x00000000ec000000,0x00000000ec200000)
 ParOldGen       total 68608K, used 26691K [0x00000000c0000000, 0x00000000c4300000, 0x00000000eab00000)
  object space 68608K, 38% used [0x00000000c0000000,0x00000000c1a10ea8,0x00000000c4300000)
 Metaspace       used 54831K, committed 55872K, reserved 1114112K
  class space    used 5887K, committed 6336K, reserved 1048576K
}
Event: 12.435 GC heap before
{Heap before GC invocations=23 (full 2):
 PSYoungGen      total 21504K, used 21491K [0x00000000eab00000, 0x00000000ec400000, 0x0000000100000000)
  eden space 20480K, 100% used [0x00000000eab00000,0x00000000ebf00000,0x00000000ebf00000)
  from space 1024K, 98% used [0x00000000ec300000,0x00000000ec3fccd0,0x00000000ec400000)
  to   space 2048K, 0% used [0x00000000ec000000,0x00000000ec000000,0x00000000ec200000)
 ParOldGen       total 68608K, used 26691K [0x00000000c0000000, 0x00000000c4300000, 0x00000000eab00000)
  object space 68608K, 38% used [0x00000000c0000000,0x00000000c1a10ea8,0x00000000c4300000)
 Metaspace       used 55099K, committed 56192K, reserved 1114112K
  class space    used 5903K, committed 6400K, reserved 1048576K
}
Event: 12.437 GC heap after
{Heap after GC invocations=23 (full 2):
 PSYoungGen      total 22528K, used 128K [0x00000000eab00000, 0x00000000ec380000, 0x0000000100000000)
  eden space 20480K, 0% used [0x00000000eab00000,0x00000000eab00000,0x00000000ebf00000)
  from space 2048K, 6% used [0x00000000ec000000,0x00000000ec020000,0x00000000ec200000)
  to   space 1024K, 0% used [0x00000000ec280000,0x00000000ec280000,0x00000000ec380000)
 ParOldGen       total 68608K, used 26931K [0x00000000c0000000, 0x00000000c4300000, 0x00000000eab00000)
  object space 68608K, 39% used [0x00000000c0000000,0x00000000c1a4cea8,0x00000000c4300000)
 Metaspace       used 55099K, committed 56192K, reserved 1114112K
  class space    used 5903K, committed 6400K, reserved 1048576K
}
Event: 13.193 GC heap before
{Heap before GC invocations=24 (full 2):
 PSYoungGen      total 22528K, used 20608K [0x00000000eab00000, 0x00000000ec380000, 0x0000000100000000)
  eden space 20480K, 100% used [0x00000000eab00000,0x00000000ebf00000,0x00000000ebf00000)
  from space 2048K, 6% used [0x00000000ec000000,0x00000000ec020000,0x00000000ec200000)
  to   space 1024K, 0% used [0x00000000ec280000,0x00000000ec280000,0x00000000ec380000)
 ParOldGen       total 68608K, used 26931K [0x00000000c0000000, 0x00000000c4300000, 0x00000000eab00000)
  object space 68608K, 39% used [0x00000000c0000000,0x00000000c1a4cea8,0x00000000c4300000)
 Metaspace       used 58057K, committed 59072K, reserved 1114112K
  class space    used 6214K, committed 6656K, reserved 1048576K
}
Event: 13.195 GC heap after
{Heap after GC invocations=24 (full 2):
 PSYoungGen      total 21504K, used 1015K [0x00000000eab00000, 0x00000000ec380000, 0x0000000100000000)
  eden space 20480K, 0% used [0x00000000eab00000,0x00000000eab00000,0x00000000ebf00000)
  from space 1024K, 99% used [0x00000000ec280000,0x00000000ec37dfd8,0x00000000ec380000)
  to   space 1536K, 0% used [0x00000000ec080000,0x00000000ec080000,0x00000000ec200000)
 ParOldGen       total 68608K, used 27133K [0x00000000c0000000, 0x00000000c4300000, 0x00000000eab00000)
  object space 68608K, 39% used [0x00000000c0000000,0x00000000c1a7f5a8,0x00000000c4300000)
 Metaspace       used 58057K, committed 59072K, reserved 1114112K
  class space    used 6214K, committed 6656K, reserved 1048576K
}
Event: 13.462 GC heap before
{Heap before GC invocations=25 (full 2):
 PSYoungGen      total 21504K, used 7038K [0x00000000eab00000, 0x00000000ec380000, 0x0000000100000000)
  eden space 20480K, 29% used [0x00000000eab00000,0x00000000eb0e1bd8,0x00000000ebf00000)
  from space 1024K, 99% used [0x00000000ec280000,0x00000000ec37dfd8,0x00000000ec380000)
  to   space 1536K, 0% used [0x00000000ec080000,0x00000000ec080000,0x00000000ec200000)
 ParOldGen       total 68608K, used 27133K [0x00000000c0000000, 0x00000000c4300000, 0x00000000eab00000)
  object space 68608K, 39% used [0x00000000c0000000,0x00000000c1a7f5a8,0x00000000c4300000)
 Metaspace       used 58836K, committed 59776K, reserved 1114112K
  class space    used 6279K, committed 6720K, reserved 1048576K
}
Event: 13.464 GC heap after
{Heap after GC invocations=25 (full 2):
 PSYoungGen      total 22016K, used 480K [0x00000000eab00000, 0x00000000ec300000, 0x0000000100000000)
  eden space 20480K, 0% used [0x00000000eab00000,0x00000000eab00000,0x00000000ebf00000)
  from space 1536K, 31% used [0x00000000ec080000,0x00000000ec0f8000,0x00000000ec200000)
  to   space 1024K, 0% used [0x00000000ec200000,0x00000000ec200000,0x00000000ec300000)
 ParOldGen       total 68608K, used 28123K [0x00000000c0000000, 0x00000000c4300000, 0x00000000eab00000)
  object space 68608K, 40% used [0x00000000c0000000,0x00000000c1b76ed0,0x00000000c4300000)
 Metaspace       used 58836K, committed 59776K, reserved 1114112K
  class space    used 6279K, committed 6720K, reserved 1048576K
}
Event: 13.464 GC heap before
{Heap before GC invocations=26 (full 3):
 PSYoungGen      total 22016K, used 480K [0x00000000eab00000, 0x00000000ec300000, 0x0000000100000000)
  eden space 20480K, 0% used [0x00000000eab00000,0x00000000eab00000,0x00000000ebf00000)
  from space 1536K, 31% used [0x00000000ec080000,0x00000000ec0f8000,0x00000000ec200000)
  to   space 1024K, 0% used [0x00000000ec200000,0x00000000ec200000,0x00000000ec300000)
 ParOldGen       total 68608K, used 28123K [0x00000000c0000000, 0x00000000c4300000, 0x00000000eab00000)
  object space 68608K, 40% used [0x00000000c0000000,0x00000000c1b76ed0,0x00000000c4300000)
 Metaspace       used 58836K, committed 59776K, reserved 1114112K
  class space    used 6279K, committed 6720K, reserved 1048576K
}
Event: 13.560 GC heap after
{Heap after GC invocations=26 (full 3):
 PSYoungGen      total 22016K, used 0K [0x00000000eab00000, 0x00000000ec300000, 0x0000000100000000)
  eden space 20480K, 0% used [0x00000000eab00000,0x00000000eab00000,0x00000000ebf00000)
  from space 1536K, 0% used [0x00000000ec080000,0x00000000ec080000,0x00000000ec200000)
  to   space 1024K, 0% used [0x00000000ec200000,0x00000000ec200000,0x00000000ec300000)
 ParOldGen       total 68608K, used 24825K [0x00000000c0000000, 0x00000000c4300000, 0x00000000eab00000)
  object space 68608K, 36% used [0x00000000c0000000,0x00000000c183e558,0x00000000c4300000)
 Metaspace       used 58836K, committed 59776K, reserved 1114112K
  class space    used 6279K, committed 6720K, reserved 1048576K
}

Dll operation events (10 events):
Event: 0.030 Loaded shared library c:\Users\Alex\.vscode\extensions\redhat.java-1.25.1-win32-x64\jre\17.0.9-win32-x86_64\bin\java.dll
Event: 0.424 Loaded shared library c:\Users\Alex\.vscode\extensions\redhat.java-1.25.1-win32-x64\jre\17.0.9-win32-x86_64\bin\zip.dll
Event: 0.434 Loaded shared library C:\Users\Alex\.vscode\extensions\redhat.java-1.25.1-win32-x64\jre\17.0.9-win32-x86_64\bin\instrument.dll
Event: 0.470 Loaded shared library C:\Users\Alex\.vscode\extensions\redhat.java-1.25.1-win32-x64\jre\17.0.9-win32-x86_64\bin\net.dll
Event: 0.474 Loaded shared library C:\Users\Alex\.vscode\extensions\redhat.java-1.25.1-win32-x64\jre\17.0.9-win32-x86_64\bin\nio.dll
Event: 0.483 Loaded shared library C:\Users\Alex\.vscode\extensions\redhat.java-1.25.1-win32-x64\jre\17.0.9-win32-x86_64\bin\zip.dll
Event: 0.517 Loaded shared library C:\Users\Alex\.vscode\extensions\redhat.java-1.25.1-win32-x64\jre\17.0.9-win32-x86_64\bin\jimage.dll
Event: 0.700 Loaded shared library c:\Users\Alex\.vscode\extensions\redhat.java-1.25.1-win32-x64\jre\17.0.9-win32-x86_64\bin\verify.dll
Event: 2.604 Loaded shared library C:\Users\Alex\AppData\Roaming\Code\User\globalStorage\redhat.java\1.25.1\config_win\org.eclipse.equinox.launcher\org.eclipse.equinox.launcher.win32.win32.x86_64_1.2.800.v20231003-1442\eclipse_11802.dll
Event: 7.944 Loaded shared library C:\Users\Alex\AppData\Local\Temp\jna-2043454\jna1787684876874030559.dll

Deoptimization events (20 events):
Event: 13.056 Thread 0x00000235387db390 Uncommon trap: trap_request=0xffffff45 fr.pc=0x0000023528222d14 relative=0x0000000000000574
Event: 13.056 Thread 0x00000235387db390 Uncommon trap: reason=unstable_if action=reinterpret pc=0x0000023528222d14 method=java.util.HashMap.putVal(ILjava/lang/Object;Ljava/lang/Object;ZZ)Ljava/lang/Object; @ 94 c2
Event: 13.056 Thread 0x00000235387db390 DEOPT PACKING pc=0x0000023528222d14 sp=0x000000d52f7fdcd0
Event: 13.056 Thread 0x00000235387db390 DEOPT UNPACKING pc=0x0000023527bc66a3 sp=0x000000d52f7fdbe0 mode 2
Event: 13.363 Thread 0x00000235387db390 Uncommon trap: trap_request=0xffffff45 fr.pc=0x000002352814b6b0 relative=0x0000000000000510
Event: 13.363 Thread 0x00000235387db390 Uncommon trap: reason=unstable_if action=reinterpret pc=0x000002352814b6b0 method=java.util.HashMap.putVal(ILjava/lang/Object;Ljava/lang/Object;ZZ)Ljava/lang/Object; @ 94 c2
Event: 13.363 Thread 0x00000235387db390 DEOPT PACKING pc=0x000002352814b6b0 sp=0x000000d52f7fdb30
Event: 13.363 Thread 0x00000235387db390 DEOPT UNPACKING pc=0x0000023527bc66a3 sp=0x000000d52f7fdaa8 mode 2
Event: 13.564 Thread 0x00000235387db390 Uncommon trap: trap_request=0xffffff45 fr.pc=0x00000235281da4d4 relative=0x0000000000000694
Event: 13.564 Thread 0x00000235387db390 Uncommon trap: reason=unstable_if action=reinterpret pc=0x00000235281da4d4 method=org.eclipse.jdt.internal.core.util.HashtableOfArrayToObject.get([Ljava/lang/Object;)Ljava/lang/Object; @ 64 c2
Event: 13.565 Thread 0x00000235387db390 DEOPT PACKING pc=0x00000235281da4d4 sp=0x000000d52f7fdb10
Event: 13.565 Thread 0x00000235387db390 DEOPT UNPACKING pc=0x0000023527bc66a3 sp=0x000000d52f7fdad0 mode 2
Event: 13.678 Thread 0x00000235382dc540 Uncommon trap: trap_request=0xffffffde fr.pc=0x0000023528393500 relative=0x0000000000000520
Event: 13.679 Thread 0x00000235382dc540 Uncommon trap: reason=class_check action=maybe_recompile pc=0x0000023528393500 method=java.util.HashMap.removeNode(ILjava/lang/Object;Ljava/lang/Object;ZZ)Ljava/util/HashMap$Node; @ 68 c2
Event: 13.679 Thread 0x00000235382dc540 DEOPT PACKING pc=0x0000023528393500 sp=0x000000d52f1fe970
Event: 13.679 Thread 0x00000235382dc540 DEOPT UNPACKING pc=0x0000023527bc66a3 sp=0x000000d52f1fe8e8 mode 2
Event: 13.681 Thread 0x00000235382dc540 Uncommon trap: trap_request=0xffffffde fr.pc=0x0000023528393500 relative=0x0000000000000520
Event: 13.681 Thread 0x00000235382dc540 Uncommon trap: reason=class_check action=maybe_recompile pc=0x0000023528393500 method=java.util.HashMap.removeNode(ILjava/lang/Object;Ljava/lang/Object;ZZ)Ljava/util/HashMap$Node; @ 68 c2
Event: 13.681 Thread 0x00000235382dc540 DEOPT PACKING pc=0x0000023528393500 sp=0x000000d52f1fe970
Event: 13.681 Thread 0x00000235382dc540 DEOPT UNPACKING pc=0x0000023527bc66a3 sp=0x000000d52f1fe8e8 mode 2

Classes unloaded (7 events):
Event: 7.656 Thread 0x0000023531f26920 Unloading class 0x000000010024c000 'java/lang/invoke/LambdaForm$MH+0x000000010024c000'
Event: 7.656 Thread 0x0000023531f26920 Unloading class 0x000000010024bc00 'java/lang/invoke/LambdaForm$MH+0x000000010024bc00'
Event: 7.656 Thread 0x0000023531f26920 Unloading class 0x000000010024b800 'java/lang/invoke/LambdaForm$MH+0x000000010024b800'
Event: 7.656 Thread 0x0000023531f26920 Unloading class 0x000000010024b400 'java/lang/invoke/LambdaForm$MH+0x000000010024b400'
Event: 7.656 Thread 0x0000023531f26920 Unloading class 0x000000010024b000 'java/lang/invoke/LambdaForm$BMH+0x000000010024b000'
Event: 7.656 Thread 0x0000023531f26920 Unloading class 0x000000010024ac00 'java/lang/invoke/LambdaForm$DMH+0x000000010024ac00'
Event: 7.656 Thread 0x0000023531f26920 Unloading class 0x0000000100248000 'java/lang/invoke/LambdaForm$DMH+0x0000000100248000'

Classes redefined (0 events):
No events

Internal exceptions (20 events):
Event: 11.642 Thread 0x00000235382de8b0 Exception <a 'sun/nio/fs/WindowsException'{0x00000000ead1b968}> (0x00000000ead1b968) 
thrown [s\src\hotspot\share\prims\jni.cpp, line 516]
Event: 11.643 Thread 0x00000235382de8b0 Exception <a 'sun/nio/fs/WindowsException'{0x00000000ead1e900}> (0x00000000ead1e900) 
thrown [s\src\hotspot\share\prims\jni.cpp, line 516]
Event: 11.644 Thread 0x00000235382de8b0 Exception <a 'sun/nio/fs/WindowsException'{0x00000000ead21c20}> (0x00000000ead21c20) 
thrown [s\src\hotspot\share\prims\jni.cpp, line 516]
Event: 11.647 Thread 0x00000235382de8b0 Exception <a 'sun/nio/fs/WindowsException'{0x00000000ead251a8}> (0x00000000ead251a8) 
thrown [s\src\hotspot\share\prims\jni.cpp, line 516]
Event: 11.648 Thread 0x00000235382de8b0 Exception <a 'sun/nio/fs/WindowsException'{0x00000000ead28208}> (0x00000000ead28208) 
thrown [s\src\hotspot\share\prims\jni.cpp, line 516]
Event: 11.652 Thread 0x00000235382de8b0 Exception <a 'sun/nio/fs/WindowsException'{0x00000000ead2b0f8}> (0x00000000ead2b0f8) 
thrown [s\src\hotspot\share\prims\jni.cpp, line 516]
Event: 11.658 Thread 0x00000235382de8b0 Exception <a 'sun/nio/fs/WindowsException'{0x00000000ead2e1e8}> (0x00000000ead2e1e8) 
thrown [s\src\hotspot\share\prims\jni.cpp, line 516]
Event: 11.659 Thread 0x00000235382de8b0 Exception <a 'sun/nio/fs/WindowsException'{0x00000000ead31540}> (0x00000000ead31540) 
thrown [s\src\hotspot\share\prims\jni.cpp, line 516]
Event: 12.661 Thread 0x00000235382dd470 Exception <a 'java/lang/NoSuchMethodError'{0x00000000eb23f190}: 'int java.lang.invoke.DirectMethodHandle$Holder.invokeVirtual(java.lang.Object, java.lang.Object)'> (0x00000000eb23f190) 
thrown [s\src\hotspot\share\interpreter\linkResolver.cpp, line 759]
Event: 12.678 Thread 0x00000235382de8b0 Exception <a 'sun/nio/fs/WindowsException'{0x00000000eb1e55f8}> (0x00000000eb1e55f8) 
thrown [s\src\hotspot\share\prims\jni.cpp, line 516]
Event: 12.708 Thread 0x00000235382de8b0 Exception <a 'sun/nio/fs/WindowsException'{0x00000000eb1fdad8}> (0x00000000eb1fdad8) 
thrown [s\src\hotspot\share\prims\jni.cpp, line 516]
Event: 12.791 Thread 0x00000235387db390 Exception <a 'java/lang/NoSuchMethodError'{0x00000000eb3480b0}: 'java.lang.Object java.lang.invoke.DirectMethodHandle$Holder.invokeInterface(java.lang.Object, java.lang.Object, java.lang.Object)'> (0x00000000eb3480b0) 
thrown [s\src\hotspot\share\interpreter\linkResolver.cpp, line 759]
Event: 12.877 Thread 0x00000235382dd470 Exception <a 'java/io/FileNotFoundException'{0x00000000eb534f48}> (0x00000000eb534f48) 
thrown [s\src\hotspot\share\prims\jni.cpp, line 516]
Event: 12.877 Thread 0x00000235382dd470 Exception <a 'java/io/FileNotFoundException'{0x00000000eb5365a8}> (0x00000000eb5365a8) 
thrown [s\src\hotspot\share\prims\jni.cpp, line 516]
Event: 12.890 Thread 0x00000235382dd470 Exception <a 'java/lang/NoSuchMethodError'{0x00000000eb5b7d00}: 'java.lang.Object java.lang.invoke.DirectMethodHandle$Holder.invokeStatic(java.lang.Object, java.lang.Object, int, java.lang.Object)'> (0x00000000eb5b7d00) 
thrown [s\src\hotspot\share\interpreter\linkResolver.cpp, line 759]
Event: 12.895 Thread 0x00000235382dd470 Exception <a 'java/lang/NoSuchMethodError'{0x00000000eb646800}: 'java.lang.Object java.lang.invoke.DirectMethodHandle$Holder.newInvokeSpecial(java.lang.Object, java.lang.Object, int)'> (0x00000000eb646800) 
thrown [s\src\hotspot\share\interpreter\linkResolver.cpp, line 759]
Event: 13.338 Thread 0x00000235387db390 Exception <a 'java/io/FileNotFoundException'{0x00000000eae56600}> (0x00000000eae56600) 
thrown [s\src\hotspot\share\prims\jni.cpp, line 516]
Event: 13.665 Thread 0x00000235382dc540 Exception <a 'sun/nio/fs/WindowsException'{0x00000000ead25ed8}> (0x00000000ead25ed8) 
thrown [s\src\hotspot\share\prims\jni.cpp, line 516]
Event: 13.665 Thread 0x00000235382dc540 Exception <a 'sun/nio/fs/WindowsException'{0x00000000ead26290}> (0x00000000ead26290) 
thrown [s\src\hotspot\share\prims\jni.cpp, line 516]
Event: 13.674 Thread 0x00000235387db390 Exception <a 'java/lang/NoSuchMethodError'{0x00000000ead319a8}: 'int java.lang.invoke.DirectMethodHandle$Holder.invokeSpecialIFC(java.lang.Object, java.lang.Object, java.lang.Object)'> (0x00000000ead319a8) 
thrown [s\src\hotspot\share\interpreter\linkResolver.cpp, line 759]

VM Operations (20 events):
Event: 12.573 Executing VM operation: HandshakeAllThreads
Event: 12.573 Executing VM operation: HandshakeAllThreads done
Event: 12.811 Executing VM operation: HandshakeAllThreads
Event: 12.830 Executing VM operation: HandshakeAllThreads done
Event: 12.893 Executing VM operation: HandshakeAllThreads
Event: 12.893 Executing VM operation: HandshakeAllThreads done
Event: 12.894 Executing VM operation: HandshakeAllThreads
Event: 12.894 Executing VM operation: HandshakeAllThreads done
Event: 12.915 Executing VM operation: HandshakeAllThreads
Event: 12.916 Executing VM operation: HandshakeAllThreads done
Event: 13.062 Executing VM operation: HandshakeAllThreads
Event: 13.062 Executing VM operation: HandshakeAllThreads done
Event: 13.071 Executing VM operation: ICBufferFull
Event: 13.071 Executing VM operation: ICBufferFull done
Event: 13.193 Executing VM operation: ParallelGCFailedAllocation
Event: 13.195 Executing VM operation: ParallelGCFailedAllocation done
Event: 13.462 Executing VM operation: CollectForMetadataAllocation
Event: 13.560 Executing VM operation: CollectForMetadataAllocation done
Event: 13.681 Executing VM operation: HandshakeAllThreads
Event: 13.692 Executing VM operation: HandshakeAllThreads done

Events (20 events):
Event: 12.900 loading class java/util/Collections$SynchronizedRandomAccessList
Event: 12.900 loading class java/util/Collections$SynchronizedList
Event: 12.900 loading class java/util/Collections$SynchronizedList done
Event: 12.900 loading class java/util/Collections$SynchronizedRandomAccessList done
Event: 12.907 loading class java/util/concurrent/CompletableFuture$Signaller
Event: 12.908 loading class java/util/concurrent/CompletableFuture$Signaller done
Event: 12.908 loading class java/util/concurrent/ForkJoinTask$Aux
Event: 12.908 loading class java/util/concurrent/ForkJoinTask$Aux done
Event: 13.070 loading class java/util/Hashtable$ValueCollection
Event: 13.071 loading class java/util/Hashtable$ValueCollection done
Event: 13.309 loading class java/nio/charset/CharacterCodingException
Event: 13.309 loading class java/nio/charset/CharacterCodingException done
Event: 13.310 loading class java/io/SequenceInputStream
Event: 13.310 loading class java/io/SequenceInputStream done
Event: 13.365 loading class java/util/WeakHashMap$KeyIterator
Event: 13.365 loading class java/util/WeakHashMap$KeyIterator done
Event: 13.380 loading class java/lang/UnsupportedClassVersionError
Event: 13.380 loading class java/lang/UnsupportedClassVersionError done
Event: 13.400 loading class jdk/internal/reflect/UnsafeQualifiedStaticIntegerFieldAccessorImpl
Event: 13.400 loading class jdk/internal/reflect/UnsafeQualifiedStaticIntegerFieldAccessorImpl done


Dynamic libraries:
0x00007ff60ab60000 - 0x00007ff60ab6e000 	c:\Users\Alex\.vscode\extensions\redhat.java-1.25.1-win32-x64\jre\17.0.9-win32-x86_64\bin\java.exe
0x00007ff9d2490000 - 0x00007ff9d267e000 	C:\Windows\SYSTEM32\ntdll.dll
0x00007ff9d1290000 - 0x00007ff9d1343000 	C:\Windows\System32\KERNEL32.DLL
0x00007ff9ce570000 - 0x00007ff9ce80d000 	C:\Windows\System32\KERNELBASE.dll
0x00007ff9cea40000 - 0x00007ff9ceb3a000 	C:\Windows\System32\ucrtbase.dll
0x00007ff9bad40000 - 0x00007ff9bad57000 	c:\Users\Alex\.vscode\extensions\redhat.java-1.25.1-win32-x64\jre\17.0.9-win32-x86_64\bin\jli.dll
0x00007ff9d21f0000 - 0x00007ff9d2387000 	C:\Windows\System32\USER32.dll
0x00007ff9ce810000 - 0x00007ff9ce830000 	C:\Windows\System32\win32u.dll
0x00007ff9d18d0000 - 0x00007ff9d18f9000 	C:\Windows\System32\GDI32.dll
0x00007ff9cebf0000 - 0x00007ff9ced9b000 	C:\Windows\System32\gdi32full.dll
0x00007ff9ceda0000 - 0x00007ff9cee40000 	C:\Windows\System32\msvcp_win.dll
0x00007ff9b9c10000 - 0x00007ff9b9c2b000 	c:\Users\Alex\.vscode\extensions\redhat.java-1.25.1-win32-x64\jre\17.0.9-win32-x86_64\bin\VCRUNTIME140.dll
0x00007ff9bc100000 - 0x00007ff9bc379000 	C:\Windows\WinSxS\amd64_microsoft.windows.common-controls_6595b64144ccf1df_6.0.17763.5206_none_de6d611a534ecc77\COMCTL32.dll
0x00007ff9d11f0000 - 0x00007ff9d128e000 	C:\Windows\System32\msvcrt.dll
0x00007ff9d15a0000 - 0x00007ff9d18cb000 	C:\Windows\System32\combase.dll
0x00007ff9d1ad0000 - 0x00007ff9d1bee000 	C:\Windows\System32\RPCRT4.dll
0x00007ff9cee90000 - 0x00007ff9cef12000 	C:\Windows\System32\bcryptPrimitives.dll
0x00007ff9d2140000 - 0x00007ff9d216e000 	C:\Windows\System32\IMM32.DLL
0x00007ff9becf0000 - 0x00007ff9becfc000 	c:\Users\Alex\.vscode\extensions\redhat.java-1.25.1-win32-x64\jre\17.0.9-win32-x86_64\bin\vcruntime140_1.dll
0x00007ff99cd90000 - 0x00007ff99ce1d000 	c:\Users\Alex\.vscode\extensions\redhat.java-1.25.1-win32-x64\jre\17.0.9-win32-x86_64\bin\msvcp140.dll
0x00007ff95f450000 - 0x00007ff9600b1000 	c:\Users\Alex\.vscode\extensions\redhat.java-1.25.1-win32-x64\jre\17.0.9-win32-x86_64\bin\server\jvm.dll
0x00007ff9d13c0000 - 0x00007ff9d1467000 	C:\Windows\System32\ADVAPI32.dll
0x00007ff9d1900000 - 0x00007ff9d199f000 	C:\Windows\System32\sechost.dll
0x00007ff9ce480000 - 0x00007ff9ce4dd000 	C:\Windows\System32\POWRPROF.dll
0x00007ff9b6a70000 - 0x00007ff9b6a79000 	C:\Windows\SYSTEM32\WSOCK32.dll
0x00007ff9d1d60000 - 0x00007ff9d1dcd000 	C:\Windows\System32\WS2_32.dll
0x00007ff9cbce0000 - 0x00007ff9cbd04000 	C:\Windows\SYSTEM32\WINMM.dll
0x00007ff9c1f40000 - 0x00007ff9c1f4a000 	C:\Windows\SYSTEM32\VERSION.dll
0x00007ff9cbbc0000 - 0x00007ff9cbbed000 	C:\Windows\SYSTEM32\WINMMBASE.dll
0x00007ff9cf670000 - 0x00007ff9cf6ba000 	C:\Windows\System32\cfgmgr32.dll
0x00007ff9ce460000 - 0x00007ff9ce471000 	C:\Windows\System32\kernel.appcore.dll
0x00007ff9bcab0000 - 0x00007ff9bcaba000 	c:\Users\Alex\.vscode\extensions\redhat.java-1.25.1-win32-x64\jre\17.0.9-win32-x86_64\bin\jimage.dll
0x00007ff9ccd20000 - 0x00007ff9ccf0d000 	C:\Windows\SYSTEM32\DBGHELP.DLL
0x00007ff9b33b0000 - 0x00007ff9b33da000 	C:\Windows\SYSTEM32\dbgcore.DLL
0x00007ff9bb120000 - 0x00007ff9bb12e000 	c:\Users\Alex\.vscode\extensions\redhat.java-1.25.1-win32-x64\jre\17.0.9-win32-x86_64\bin\instrument.dll
0x00007ff9b5d30000 - 0x00007ff9b5d55000 	c:\Users\Alex\.vscode\extensions\redhat.java-1.25.1-win32-x64\jre\17.0.9-win32-x86_64\bin\java.dll
0x00007ff9b5430000 - 0x00007ff9b5448000 	c:\Users\Alex\.vscode\extensions\redhat.java-1.25.1-win32-x64\jre\17.0.9-win32-x86_64\bin\zip.dll
0x00007ff9cf6c0000 - 0x00007ff9d0bb8000 	C:\Windows\System32\SHELL32.dll
0x00007ff9d1470000 - 0x00007ff9d1517000 	C:\Windows\System32\shcore.dll
0x00007ff9cef20000 - 0x00007ff9cf667000 	C:\Windows\System32\windows.storage.dll
0x00007ff9ce4e0000 - 0x00007ff9ce503000 	C:\Windows\System32\profapi.dll
0x00007ff9d1350000 - 0x00007ff9d13a2000 	C:\Windows\System32\shlwapi.dll
0x00007ff9cee70000 - 0x00007ff9cee8b000 	C:\Windows\System32\cryptsp.dll
0x00007ff9b2030000 - 0x00007ff9b2049000 	C:\Users\Alex\.vscode\extensions\redhat.java-1.25.1-win32-x64\jre\17.0.9-win32-x86_64\bin\net.dll
0x00007ff9bc720000 - 0x00007ff9bc81d000 	C:\Windows\SYSTEM32\WINHTTP.dll
0x00007ff9cdc30000 - 0x00007ff9cdc97000 	C:\Windows\system32\mswsock.dll
0x00007ff9b2010000 - 0x00007ff9b2026000 	C:\Users\Alex\.vscode\extensions\redhat.java-1.25.1-win32-x64\jre\17.0.9-win32-x86_64\bin\nio.dll
0x00007ff9baa60000 - 0x00007ff9baa70000 	c:\Users\Alex\.vscode\extensions\redhat.java-1.25.1-win32-x64\jre\17.0.9-win32-x86_64\bin\verify.dll
0x00007ff9adce0000 - 0x00007ff9add1e000 	C:\Users\Alex\AppData\Roaming\Code\User\globalStorage\redhat.java\1.25.1\config_win\org.eclipse.equinox.launcher\org.eclipse.equinox.launcher.win32.win32.x86_64_1.2.800.v20231003-1442\eclipse_11802.dll
0x00007ff9d1fe0000 - 0x00007ff9d2136000 	C:\Windows\System32\ole32.dll
0x00007ff9cd7b0000 - 0x00007ff9cd7e3000 	C:\Windows\system32\rsaenh.dll
0x00007ff9cee40000 - 0x00007ff9cee66000 	C:\Windows\System32\bcrypt.dll
0x00007ff9ce370000 - 0x00007ff9ce399000 	C:\Windows\SYSTEM32\USERENV.dll
0x00007ff9cde00000 - 0x00007ff9cde0c000 	C:\Windows\SYSTEM32\CRYPTBASE.dll
0x00007ff9cd940000 - 0x00007ff9cd97d000 	C:\Windows\SYSTEM32\IPHLPAPI.DLL
0x00007ff9d1ac0000 - 0x00007ff9d1ac8000 	C:\Windows\System32\NSI.dll
0x00007ff9c1310000 - 0x00007ff9c1326000 	C:\Windows\SYSTEM32\dhcpcsvc6.DLL
0x00007ff9c1540000 - 0x00007ff9c155c000 	C:\Windows\SYSTEM32\dhcpcsvc.DLL
0x00007ff9cd980000 - 0x00007ff9cda46000 	C:\Windows\SYSTEM32\DNSAPI.dll
0x00007ff99cd40000 - 0x00007ff99cd85000 	C:\Users\Alex\AppData\Local\Temp\jna-2043454\jna1787684876874030559.dll
0x00007ff9d1a50000 - 0x00007ff9d1a58000 	C:\Windows\System32\PSAPI.DLL

dbghelp: loaded successfully - version: 4.0.5 - missing functions: none
symbol engine: initialized successfully - sym options: 0x614 - pdb path: .;c:\Users\Alex\.vscode\extensions\redhat.java-1.25.1-win32-x64\jre\17.0.9-win32-x86_64\bin;C:\Windows\SYSTEM32;C:\Windows\WinSxS\amd64_microsoft.windows.common-controls_6595b64144ccf1df_6.0.17763.5206_none_de6d611a534ecc77;c:\Users\Alex\.vscode\extensions\redhat.java-1.25.1-win32-x64\jre\17.0.9-win32-x86_64\bin\server;C:\Users\Alex\AppData\Roaming\Code\User\globalStorage\redhat.java\1.25.1\config_win\org.eclipse.equinox.launcher\org.eclipse.equinox.launcher.win32.win32.x86_64_1.2.800.v20231003-1442;C:\Users\Alex\AppData\Local\Temp\jna-2043454

VM Arguments:
jvm_args: --add-modules=ALL-SYSTEM --add-opens=java.base/java.util=ALL-UNNAMED --add-opens=java.base/java.lang=ALL-UNNAMED --add-opens=java.base/sun.nio.fs=ALL-UNNAMED -Declipse.application=org.eclipse.jdt.ls.core.id1 -Dosgi.bundles.defaultStartLevel=4 -Declipse.product=org.eclipse.jdt.ls.core.product -Djava.import.generatesMetadataFilesAtProjectRoot=false -DDetectVMInstallationsJob.disabled=true -Dfile.encoding=utf8 -XX:+UseParallelGC -XX:GCTimeRatio=4 -XX:AdaptiveSizePolicyWeight=90 -Dsun.zip.disableMemoryMapping=true -Xmx1G -Xms100m -Xlog:disable -javaagent:c:\Users\Alex\.vscode\extensions\redhat.java-1.25.1-win32-x64\lombok\lombok-1.18.30.jar -XX:+HeapDumpOnOutOfMemoryError -XX:HeapDumpPath=c:\Users\Alex\AppData\Roaming\Code\User\workspaceStorage\4d46fa13a753869b4f9a69bb72c965b4\redhat.java -Daether.dependencyCollector.impl=bf 
java_command: c:\Users\Alex\.vscode\extensions\redhat.java-1.25.1-win32-x64\server\plugins\org.eclipse.equinox.launcher_1.6.600.v20231106-1826.jar -configuration c:\Users\Alex\AppData\Roaming\Code\User\globalStorage\redhat.java\1.25.1\config_win -data c:\Users\Alex\AppData\Roaming\Code\User\workspaceStorage\4d46fa13a753869b4f9a69bb72c965b4\redhat.java\jdt_ws --stdio
java_class_path (initial): c:\Users\Alex\.vscode\extensions\redhat.java-1.25.1-win32-x64\server\plugins\org.eclipse.equinox.launcher_1.6.600.v20231106-1826.jar
Launcher Type: SUN_STANDARD

[Global flags]
    uintx AdaptiveSizePolicyWeight                 = 90                                        {product} {command line}
     intx CICompilerCount                          = 3                                         {product} {ergonomic}
    uintx GCTimeRatio                              = 4                                         {product} {command line}
     bool HeapDumpOnOutOfMemoryError               = true                                   {manageable} {command line}
    ccstr HeapDumpPath                             = c:\Users\Alex\AppData\Roaming\Code\User\workspaceStorage\4d46fa13a753869b4f9a69bb72c965b4\redhat.java         {manageable} {command line}
   size_t InitialHeapSize                          = 104857600                                 {product} {command line}
   size_t MaxHeapSize                              = 1073741824                                {product} {command line}
   size_t MaxNewSize                               = 357564416                                 {product} {ergonomic}
   size_t MinHeapDeltaBytes                        = 524288                                    {product} {ergonomic}
   size_t MinHeapSize                              = 104857600                                 {product} {command line}
   size_t NewSize                                  = 34603008                                  {product} {ergonomic}
    uintx NonNMethodCodeHeapSize                   = 5832780                                {pd product} {ergonomic}
    uintx NonProfiledCodeHeapSize                  = 122912730                              {pd product} {ergonomic}
   size_t OldSize                                  = 70254592                                  {product} {ergonomic}
    uintx ProfiledCodeHeapSize                     = 122912730                              {pd product} {ergonomic}
    uintx ReservedCodeCacheSize                    = 251658240                              {pd product} {ergonomic}
     bool SegmentedCodeCache                       = true                                      {product} {ergonomic}
   size_t SoftMaxHeapSize                          = 1073741824                             {manageable} {ergonomic}
     bool UseCompressedClassPointers               = true                           {product lp64_product} {ergonomic}
     bool UseCompressedOops                        = true                           {product lp64_product} {ergonomic}
     bool UseLargePagesIndividualAllocation        = false                                  {pd product} {ergonomic}
     bool UseParallelGC                            = true                                      {product} {command line}

Logging:
Log output configuration:
 #0: stdout all=off uptime,level,tags
 #1: stderr all=off uptime,level,tags

Environment Variables:
PATH=C:\Python311\Scripts\;C:\Python311\;C:\Program Files (x86)\Common Files\Oracle\Java\javapath;C:\Windows\system32;C:\Windows;C:\Windows\System32\Wbem;C:\Windows\System32\WindowsPowerShell\v1.0\;C:\Windows\System32\OpenSSH\;C:\Program Files (x86)\Common Files\Propellerhead Software\ReWire\;C:\Program Files\Common Files\Propellerhead Software\ReWire\;C:\Program Files\nodejs\;C:\ProgramData\chocolatey\bin;C:\Users\Alex\AppData\Local\Programs\Git\cmd;C:\Users\Alex\AppData\Local\Microsoft\WindowsApps;;C:\Users\Alex\AppData\Local\Programs\Microsoft VS Code\bin;C:\Users\Alex\AppData\Roaming\npm
USERNAME=Alex
OS=Windows_NT
PROCESSOR_IDENTIFIER=Intel64 Family 6 Model 142 Stepping 9, GenuineIntel
TMP=C:\Users\Alex\AppData\Local\Temp
TEMP=C:\Users\Alex\AppData\Local\Temp



Periodic native trim disabled


---------------  S Y S T E M  ---------------

OS:
 Windows 10 , 64 bit Build 17763 (10.0.17763.4974)
OS uptime: 0 days 1:59 hours

CPU: total 4 (initial active 4) (2 cores per cpu, 2 threads per core) family 6 model 142 stepping 9 microcode 0xde, cx8, cmov, fxsr, ht, mmx, 3dnowpref, sse, sse2, sse3, ssse3, sse4.1, sse4.2, popcnt, lzcnt, tsc, tscinvbit, avx, avx2, aes, erms, clmul, bmi1, bmi2, adx, fma, vzeroupper, clflush, clflushopt
Processor Information for all 4 processors :
  Max Mhz: 2901, Current Mhz: 2901, Mhz Limit: 2901

Memory: 4k page, system-wide physical 8090M (326M free)
TotalPageFile size 8890M (AvailPageFile size 6M)
current process WorkingSet (physical memory assigned to process): 236M, peak: 239M
current process commit charge ("private bytes"): 310M, peak: 313M

vm_info: OpenJDK 64-Bit Server VM (17.0.9+9) for windows-amd64 JRE (17.0.9+9), built on Oct 26 2023 14:01:42 by "admin" with MS VC++ 16.10 / 16.11 (VS2019)

END.
